<?xml version="1.0" encoding="UTF-8"?>
<!-- Generated by org.testng.reporters.JUnitReportReporter -->
<testsuite hostname="Basavaraj" failures="0" tests="3" name="com.naukri.qa.pagetests.JobesPageTest" time="108.875" errors="0" timestamp="2021-06-17T18:03:10 IST" skipped="2">
  <testcase classname="com.naukri.qa.pagetests.JobesPageTest" name="clickOnEditProfileLinkTest" time="108.875"/>
  <system-out/>
  <testcase classname="com.naukri.qa.pagetests.JobesPageTest" name="validateJobesPageLinkTest">
    <skipped/>
  </testcase> <!-- validateJobesPageLinkTest -->
  <system-out/>
  <testcase classname="com.naukri.qa.pagetests.JobesPageTest" name="CheckForBrokenLinkTest">
    <skipped/>
  </testcase> <!-- CheckForBrokenLinkTest -->
  <system-out/>
</testsuite> <!-- com.naukri.qa.pagetests.JobesPageTest -->
