<?xml version="1.0" encoding="UTF-8"?>
<!-- Generated by org.testng.reporters.JUnitReportReporter -->
<testsuite hostname="Basavaraj" failures="0" tests="4" name="com.naukri.qa.pagetests.JobesPageTest" time="55.080" errors="0" timestamp="2021-06-17T19:03:49 IST" skipped="3">
  <testcase classname="com.naukri.qa.pagetests.JobesPageTest" name="clickOnUpdateResumeTest" time="55.080"/>
  <system-out/>
  <testcase classname="com.naukri.qa.pagetests.JobesPageTest" name="validateJobesPageLinkTest">
    <skipped/>
  </testcase> <!-- validateJobesPageLinkTest -->
  <system-out/>
  <testcase classname="com.naukri.qa.pagetests.JobesPageTest" name="CheckForBrokenLinkTest">
    <skipped/>
  </testcase> <!-- CheckForBrokenLinkTest -->
  <system-out/>
  <testcase classname="com.naukri.qa.pagetests.JobesPageTest" name="clickOnEditProfileLinkTest">
    <skipped/>
  </testcase> <!-- clickOnEditProfileLinkTest -->
  <system-out/>
</testsuite> <!-- com.naukri.qa.pagetests.JobesPageTest -->
